<?xml version="1.0" encoding="UTF-8"?>
<testsuite xmlns:xsi="http://www.w3.org/2001/XMLSchema-instance" xsi:schemaLocation="https://maven.apache.org/surefire/maven-surefire-plugin/xsd/surefire-test-report.xsd" name="TestSuite" time="66.522" tests="3" errors="0" skipped="0" failures="0">
  <properties>
[...]
</properties>
  <testcase name="CC_QA_Automatizacion" classname="test.java.carritocompras.CC_Test" time="19.712"/>
  <testcase name="CC_QA_Automatizacion" classname="test.java.carritocompras.CC_Test" time="21.713"/>
  <testcase name="CC_QA_Automatizacion" classname="test.java.carritocompras.CC_Test" time="19.519"/>
</testsuite>