<?xml version="1.0" encoding="UTF-8"?>
<testsuite xmlns:xsi="http://www.w3.org/2001/XMLSchema-instance" xsi:schemaLocation="https://maven.apache.org/surefire/maven-surefire-plugin/xsd/surefire-test-report.xsd" name="TestSuite" time="10.156" tests="3" errors="0" skipped="2" failures="1">
  <properties>
[...]
</properties>
  <testcase name="beforeMethodMethod" classname="test.java.carritocompras.CC_Test" time="8.485">
    <failure message="session not created: This version of ChromeDriver only supports Chrome version 138&#10;Current browser version is 140.0.7339.128 with binary path C:\Program Files\Google\Chrome\Application\chrome.exe&#10;Build info: version: &apos;3.8.1&apos;, revision: &apos;6e95a6684b&apos;, time: &apos;2017-12-01T18:33:54.468Z&apos;&#10;System info: host: &apos;DESKTOP-97H2JQF&apos;, ip: &apos;192.168.10.100&apos;, os.name: &apos;Windows 11&apos;, os.arch: &apos;amd64&apos;, os.version: &apos;10.0&apos;, java.version: &apos;21.0.6&apos;&#10;Driver info: driver.version: ChromeDriver&#10;remote stacktrace: 	GetHandleVerifier [0x0x7ff650a36f75+76917]&#10;	GetHandleVerifier [0x0x7ff650a36fd0+77008]&#10;	(No symbol) [0x0x7ff6507e9dea]&#10;	(No symbol) [0x0x7ff65082e1df]&#10;	(No symbol) [0x0x7ff65082d22b]&#10;	(No symbol) [0x0x7ff650826e2a]&#10;	(No symbol) [0x0x7ff650822675]&#10;	(No symbol) [0x0x7ff650875e9e]&#10;	(No symbol) [0x0x7ff650875630]&#10;	(No symbol) [0x0x7ff650868243]&#10;	(No symbol) [0x0x7ff650831431]&#10;	(No symbol) [0x0x7ff6508321c3]&#10;	GetHandleVerifier [0x0x7ff650d0d2ad+3051437]&#10;	GetHandleVerifier [0x0x7ff650d07903+3028483]&#10;	GetHandleVerifier [0x0x7ff650d2589d+3151261]&#10;	GetHandleVerifier [0x0x7ff650a5183e+185662]&#10;	GetHandleVerifier [0x0x7ff650a596ff+218111]&#10;	GetHandleVerifier [0x0x7ff650a3faf4+112628]&#10;	GetHandleVerifier [0x0x7ff650a3fca9+113065]&#10;	GetHandleVerifier [0x0x7ff650a26c78+10616]&#10;	BaseThreadInitThunk [0x0x7ffbdb25e8d7+23]&#10;	RtlUserThreadStart [0x0x7ffbdc348d9c+44]&#10;" type="org.openqa.selenium.SessionNotCreatedException">org.openqa.selenium.SessionNotCreatedException: 
session not created: This version of ChromeDriver only supports Chrome version 138
Current browser version is 140.0.7339.128 with binary path C:\Program Files\Google\Chrome\Application\chrome.exe
Build info: version: '3.8.1', revision: '6e95a6684b', time: '2017-12-01T18:33:54.468Z'
System info: host: 'DESKTOP-97H2JQF', ip: '192.168.10.100', os.name: 'Windows 11', os.arch: 'amd64', os.version: '10.0', java.version: '21.0.6'
Driver info: driver.version: ChromeDriver
remote stacktrace: 	GetHandleVerifier [0x0x7ff650a36f75+76917]
	GetHandleVerifier [0x0x7ff650a36fd0+77008]
	(No symbol) [0x0x7ff6507e9dea]
	(No symbol) [0x0x7ff65082e1df]
	(No symbol) [0x0x7ff65082d22b]
	(No symbol) [0x0x7ff650826e2a]
	(No symbol) [0x0x7ff650822675]
	(No symbol) [0x0x7ff650875e9e]
	(No symbol) [0x0x7ff650875630]
	(No symbol) [0x0x7ff650868243]
	(No symbol) [0x0x7ff650831431]
	(No symbol) [0x0x7ff6508321c3]
	GetHandleVerifier [0x0x7ff650d0d2ad+3051437]
	GetHandleVerifier [0x0x7ff650d07903+3028483]
	GetHandleVerifier [0x0x7ff650d2589d+3151261]
	GetHandleVerifier [0x0x7ff650a5183e+185662]
	GetHandleVerifier [0x0x7ff650a596ff+218111]
	GetHandleVerifier [0x0x7ff650a3faf4+112628]
	GetHandleVerifier [0x0x7ff650a3fca9+113065]
	GetHandleVerifier [0x0x7ff650a26c78+10616]
	BaseThreadInitThunk [0x0x7ffbdb25e8d7+23]
	RtlUserThreadStart [0x0x7ffbdc348d9c+44]

</failure>
    <system-out><![CDATA[⚠️ Fila con columnas insuficientes: 
⚠️ Fila con columnas insuficientes: 
⚠️ Fila con columnas insuficientes: 
⚠️ Fila con columnas insuficientes: 
]]></system-out>
    <system-err><![CDATA[Starting ChromeDriver 138.0.7204.94 (5450257488848fa5bab09dea663ce77edfb17672-refs/branch-heads/7204_50@{#10}) on port 43249
Only local connections are allowed.
Please see https://chromedriver.chromium.org/security-considerations for suggestions on keeping ChromeDriver safe.
ChromeDriver was started successfully on port 43249.
[1758025693.139][WARNING]: Deprecated chrome option is ignored: useAutomationExtension
[1758025693.139][WARNING]: Deprecated chrome option is ignored: useAutomationExtension
]]></system-err>
  </testcase>
  <testcase name="CC_QA_AgregarProductosAlCarrito" classname="test.java.carritocompras.CC_Test" time="0">
    <skipped message="session not created: This version of ChromeDriver only supports Chrome version 138&#10;Current browser version is 140.0.7339.128 with binary path C:\Program Files\Google\Chrome\Application\chrome.exe&#10;Build info: version: &apos;3.8.1&apos;, revision: &apos;6e95a6684b&apos;, time: &apos;2017-12-01T18:33:54.468Z&apos;&#10;System info: host: &apos;DESKTOP-97H2JQF&apos;, ip: &apos;192.168.10.100&apos;, os.name: &apos;Windows 11&apos;, os.arch: &apos;amd64&apos;, os.version: &apos;10.0&apos;, java.version: &apos;21.0.6&apos;&#10;Driver info: driver.version: ChromeDriver&#10;remote stacktrace: 	GetHandleVerifier [0x0x7ff650a36f75+76917]&#10;	GetHandleVerifier [0x0x7ff650a36fd0+77008]&#10;	(No symbol) [0x0x7ff6507e9dea]&#10;	(No symbol) [0x0x7ff65082e1df]&#10;	(No symbol) [0x0x7ff65082d22b]&#10;	(No symbol) [0x0x7ff650826e2a]&#10;	(No symbol) [0x0x7ff650822675]&#10;	(No symbol) [0x0x7ff650875e9e]&#10;	(No symbol) [0x0x7ff650875630]&#10;	(No symbol) [0x0x7ff650868243]&#10;	(No symbol) [0x0x7ff650831431]&#10;	(No symbol) [0x0x7ff6508321c3]&#10;	GetHandleVerifier [0x0x7ff650d0d2ad+3051437]&#10;	GetHandleVerifier [0x0x7ff650d07903+3028483]&#10;	GetHandleVerifier [0x0x7ff650d2589d+3151261]&#10;	GetHandleVerifier [0x0x7ff650a5183e+185662]&#10;	GetHandleVerifier [0x0x7ff650a596ff+218111]&#10;	GetHandleVerifier [0x0x7ff650a3faf4+112628]&#10;	GetHandleVerifier [0x0x7ff650a3fca9+113065]&#10;	GetHandleVerifier [0x0x7ff650a26c78+10616]&#10;	BaseThreadInitThunk [0x0x7ffbdb25e8d7+23]&#10;	RtlUserThreadStart [0x0x7ffbdc348d9c+44]&#10;"/>
  </testcase>
  <testcase name="afterMethodMethod" classname="test.java.carritocompras.CC_Test" time="0">
    <skipped/>
  </testcase>
</testsuite>