<?xml version="1.0" encoding="UTF-8"?>
<testsuite xmlns:xsi="http://www.w3.org/2001/XMLSchema-instance" xsi:schemaLocation="https://maven.apache.org/surefire/maven-surefire-plugin/xsd/surefire-test-report.xsd" name="TestSuite" time="58.04" tests="1" errors="0" skipped="0" failures="1">
  <properties>
    <property name="jansi.mode" value="force"/>
    <property name="java.runtime.name" value="OpenJDK Runtime Environment"/>
    <property name="java.vm.version" value="21.0.7+6-LTS"/>
    <property name="sun.boot.library.path" value="C:\Users\TG\.p2\pool\plugins\org.eclipse.justj.openjdk.hotspot.jre.full.win32.x86_64_21.0.7.v20250502-0916\jre\bin"/>
    <property name="maven.multiModuleProjectDirectory" value="C:\Users\TG\eclipse-workspace\Estructura-Base-New_Perruqueria"/>
    <property name="java.vm.vendor" value="Eclipse Adoptium"/>
    <property name="java.vendor.url" value="https://adoptium.net/"/>
    <property name="guice.disable.misplaced.annotation.check" value="true"/>
    <property name="path.separator" value=";"/>
    <property name="java.vm.name" value="OpenJDK 64-Bit Server VM"/>
    <property name="sun.os.patch.level" value=""/>
    <property name="user.script" value=""/>
    <property name="user.country" value="CL"/>
    <property name="sun.java.launcher" value="SUN_STANDARD"/>
    <property name="java.vm.specification.name" value="Java Virtual Machine Specification"/>
    <property name="user.dir" value="C:\Users\TG\eclipse-workspace\Estructura-Base-New_Perruqueria"/>
    <property name="java.vm.compressedOopsMode" value="Zero based"/>
    <property name="java.runtime.version" value="21.0.7+6-LTS"/>
    <property name="os.arch" value="amd64"/>
    <property name="java.io.tmpdir" value="C:\Users\TG\AppData\Local\Temp\"/>
    <property name="line.separator" value="&#10;"/>
    <property name="java.vm.specification.vendor" value="Oracle Corporation"/>
    <property name="user.variant" value=""/>
    <property name="stderr.encoding" value="UTF-8"/>
    <property name="os.name" value="Windows 11"/>
    <property name="classworlds.conf" value="C:\Users\TG\eclipse-workspace\.metadata\.plugins\org.eclipse.m2e.launching\launches\m2conf3273654992654439383.tmp"/>
    <property name="sun.jnu.encoding" value="Cp1252"/>
    <property name="stdout.encoding" value="UTF-8"/>
    <property name="java.library.path" value="C:\Users\TG\.p2\pool\plugins\org.eclipse.justj.openjdk.hotspot.jre.full.win32.x86_64_21.0.7.v20250502-0916\jre\bin;C:\WINDOWS\Sun\Java\bin;C:\WINDOWS\system32;C:\WINDOWS;C:/Users/TG/.p2/pool/plugins/org.eclipse.justj.openjdk.hotspot.jre.full.win32.x86_64_21.0.7.v20250502-0916/jre/bin/server;C:/Users/TG/.p2/pool/plugins/org.eclipse.justj.openjdk.hotspot.jre.full.win32.x86_64_21.0.7.v20250502-0916/jre/bin;C:\Python313\Scripts\;C:\Python313\;C:\Program Files\Common Files\Oracle\Java\javapath;C:\WINDOWS\system32;C:\WINDOWS;C:\WINDOWS\System32\Wbem;C:\WINDOWS\System32\WindowsPowerShell\v1.0\;C:\WINDOWS\System32\OpenSSH\;C:\maven\apache-maven-3.9.9\bin;C:\Program Files\dotnet\;C:\Program Files (x86)\Windows Kits\10\Windows Performance Toolkit\;C:\Program Files\Java\jdk-11\bin;C:\Program Files\Java\jdk-21\bin;C:\Users\TestGroup.DESKTOP-97H2JQF\AppData\Local\Android\Sdk\platform-tools;C:\Users\TestGroup.DESKTOP-97H2JQF\AppData\Local\Android\Sdk\platform-tools;C:\Users\TestGroup.DESKTOP-97H2JQF\AppData\Local\Android\Sdk\cmdline-tools\latest;C:\Users\TestGroup.DESKTOP-97H2JQF\AppData\Local\Android\Sdk\cmdline-tools\latest\bin;C:\ProgramData\chocolatey\bin;C:\Users\TestGroup.DESKTOP-97H2JQF\AppData\Roaming\Microsoft\Windows\Start Menu\Programs\MSYS2;C:\Program Files\Java\jdk-11\bin;C:\Program Files\Git\cmd;C:\Users\TG\AppData\Local\Microsoft\WindowsApps;C:\Users\TG\AppData\Local\Programs\Microsoft VS Code\bin;C:\WINDOWS\system32;;."/>
    <property name="jdk.debug" value="release"/>
    <property name="java.class.version" value="65.0"/>
    <property name="java.specification.name" value="Java Platform API Specification"/>
    <property name="sun.management.compiler" value="HotSpot 64-Bit Tiered Compilers"/>
    <property name="os.version" value="10.0"/>
    <property name="user.home" value="C:\Users\TG"/>
    <property name="user.timezone" value="America/Santiago"/>
    <property name="file.encoding" value="UTF-8"/>
    <property name="java.specification.version" value="21"/>
    <property name="user.name" value="TG"/>
    <property name="java.class.path" value="C:\Users\TG\.p2\pool\plugins\org.eclipse.m2e.maven.runtime_3.9.900.20250220-2013\jars\plexus-classworlds-2.8.0.jar"/>
    <property name="java.vm.specification.version" value="21"/>
    <property name="sun.arch.data.model" value="64"/>
    <property name="sun.java.command" value="org.codehaus.plexus.classworlds.launcher.Launcher -B -Dstyle.color=always test"/>
    <property name="java.home" value="C:\Users\TG\.p2\pool\plugins\org.eclipse.justj.openjdk.hotspot.jre.full.win32.x86_64_21.0.7.v20250502-0916\jre"/>
    <property name="user.language" value="es"/>
    <property name="java.specification.vendor" value="Oracle Corporation"/>
    <property name="java.vm.info" value="mixed mode, sharing"/>
    <property name="java.version" value="21.0.7"/>
    <property name="native.encoding" value="Cp1252"/>
    <property name="java.vendor" value="Eclipse Adoptium"/>
    <property name="maven.home" value="C:\Users\TG\eclipse-workspace\Estructura-Base-New_Perruqueria\EMBEDDED"/>
    <property name="style.color" value="always"/>
    <property name="file.separator" value="\"/>
    <property name="java.version.date" value="2025-04-15"/>
    <property name="java.vendor.url.bug" value="https://github.com/adoptium/adoptium-support/issues"/>
    <property name="sun.io.unicode.encoding" value="UnicodeLittle"/>
    <property name="sun.cpu.endian" value="little"/>
    <property name="java.vendor.version" value="Temurin-21.0.7+6"/>
    <property name="m2e.build.project.data.socket.port" value="61299"/>
    <property name="sun.cpu.isalist" value="amd64"/>
  </properties>
  <testcase name="CC_QA_AgregarProductosAlCarrito" classname="test.java.carritocompras.CC_Test" time="47.404">
    <failure message="unexpected alert open: {Alert text : Reserva finalizada:&#10;Cliente: Daniela&#10;Fecha: 2025-02-10&#10;Profesional: Profesional 2}&#10;  (Session info: chrome=139.0.7258.127): Reserva finalizada:&#10;Cliente: Daniela&#10;Fecha: 2025-02-10&#10;Profesional: Profesional 2&#10;Build info: version: &apos;3.8.1&apos;, revision: &apos;6e95a6684b&apos;, time: &apos;2017-12-01T18:33:54.468Z&apos;&#10;System info: host: &apos;DESKTOP-97H2JQF&apos;, ip: &apos;192.168.10.120&apos;, os.name: &apos;Windows 11&apos;, os.arch: &apos;amd64&apos;, os.version: &apos;10.0&apos;, java.version: &apos;21.0.7&apos;&#10;Driver info: org.openqa.selenium.chrome.ChromeDriver&#10;Capabilities {acceptInsecureCerts: false, browserName: chrome, browserVersion: 139.0.7258.127, chrome: {chromedriverVersion: 138.0.7204.94 (545025748884..., userDataDir: C:\Users\TG\AppData\Local\T...}, fedcm:accounts: true, goog:chromeOptions: {debuggerAddress: localhost:65352}, javascriptEnabled: true, networkConnectionEnabled: false, pageLoadStrategy: normal, platform: WINDOWS, platformName: WINDOWS, proxy: Proxy(), setWindowRect: true, strictFileInteractability: false, timeouts: {implicit: 0, pageLoad: 300000, script: 30000}, unhandledPromptBehavior: ignore, webauthn:extension:credBlob: true, webauthn:extension:largeBlob: true, webauthn:extension:minPinLength: true, webauthn:extension:prf: true, webauthn:virtualAuthenticators: true}&#10;Session ID: 8c51794296d0ee6fd0a66f93b8f8b03e" type="org.openqa.selenium.UnhandledAlertException">org.openqa.selenium.UnhandledAlertException: 
unexpected alert open: {Alert text : Reserva finalizada:
Cliente: Daniela
Fecha: 2025-02-10
Profesional: Profesional 2}
  (Session info: chrome=139.0.7258.127): Reserva finalizada:
Cliente: Daniela
Fecha: 2025-02-10
Profesional: Profesional 2
Build info: version: '3.8.1', revision: '6e95a6684b', time: '2017-12-01T18:33:54.468Z'
System info: host: 'DESKTOP-97H2JQF', ip: '192.168.10.120', os.name: 'Windows 11', os.arch: 'amd64', os.version: '10.0', java.version: '21.0.7'
Driver info: org.openqa.selenium.chrome.ChromeDriver
Capabilities {acceptInsecureCerts: false, browserName: chrome, browserVersion: 139.0.7258.127, chrome: {chromedriverVersion: 138.0.7204.94 (545025748884..., userDataDir: C:\Users\TG\AppData\Local\T...}, fedcm:accounts: true, goog:chromeOptions: {debuggerAddress: localhost:65352}, javascriptEnabled: true, networkConnectionEnabled: false, pageLoadStrategy: normal, platform: WINDOWS, platformName: WINDOWS, proxy: Proxy(), setWindowRect: true, strictFileInteractability: false, timeouts: {implicit: 0, pageLoad: 300000, script: 30000}, unhandledPromptBehavior: ignore, webauthn:extension:credBlob: true, webauthn:extension:largeBlob: true, webauthn:extension:minPinLength: true, webauthn:extension:prf: true, webauthn:virtualAuthenticators: true}
Session ID: 8c51794296d0ee6fd0a66f93b8f8b03e
	at test.java.carritocompras.CC_Test.CC_QA_AgregarProductosAlCarrito(CC_Test.java:67)
</failure>
    <system-out><![CDATA[âš ï¸ Fila con columnas insuficientes: 
âš ï¸ Fila con columnas insuficientes: 
âš ï¸ Fila con columnas insuficientes: 
âš ï¸ Fila con columnas insuficientes: 
ðŸ”Ž Buscando producto desde buscador: BaÃ±o y Peinado
âœ… Producto agregado al carrito desde buscador: BaÃ±o y Peinado
ðŸ”Ž Buscando producto desde buscador: Corte de UÃ±as
âœ… Producto agregado al carrito desde buscador: Corte de UÃ±as
ðŸ”„ Realizando bÃºsqueda en blanco para mostrar todos los productos
[OK] âœ… Producto agregado desde lista general: BaÃ±o y Corte
ðŸ“¸ Screenshot guardado en PASSED: C:\Users\TG\eclipse-workspace\Estructura-Base-New_Perruqueria\CC_Logs_Perruqueria\screenshots\passed\BaÃ±o y Corte_20250818_114513.png
Cantidad esperada: 3, cantidad actual: 3
ValidaciÃ³n exitosa: la cantidad del carrito es correcta
ðŸ“¸ Screenshot guardado en PASSED: C:\Users\TG\eclipse-workspace\Estructura-Base-New_Perruqueria\CC_Logs_Perruqueria\screenshots\passed\validarProductoAgregado_FALLA_3_20250818_114515.png
âœ… Se hizo click en el botÃ³n 'Ir a la bolsa de compra'
ðŸ“¸ Screenshot guardado en PASSED: C:\Users\TG\eclipse-workspace\Estructura-Base-New_Perruqueria\CC_Logs_Perruqueria\screenshots\passed\irABolsaDeCompras_OK_20250818_114516.png
âœ… Clic en boton '+' 'BaÃ±o y Corte' #1
âœ… Clic en boton '+' 'BaÃ±o y Corte' #2
Cantidad final para 'BaÃ±o y Corte': 3
ðŸ“¸ Screenshot guardado en PASSED: C:\Users\TG\eclipse-workspace\Estructura-Base-New_Perruqueria\CC_Logs_Perruqueria\screenshots\passed\aumentarCantidad_BaÃ±o y Corte_OK_20250818_114522.png
âœ… Clic en boton '+' 'BaÃ±o y Peinado' #1
âœ… Clic en boton '+' 'BaÃ±o y Peinado' #2
Cantidad final para 'BaÃ±o y Peinado': 3
ðŸ“¸ Screenshot guardado en PASSED: C:\Users\TG\eclipse-workspace\Estructura-Base-New_Perruqueria\CC_Logs_Perruqueria\screenshots\passed\aumentarCantidad_BaÃ±o y Peinado_OK_20250818_114528.png
âœ… Clic en botÃ³n '-' para 'BaÃ±o y Peinado' #1
âœ… Clic en botÃ³n '-' para 'BaÃ±o y Peinado' #2
ðŸ“¸ Screenshot guardado en PASSED: C:\Users\TG\eclipse-workspace\Estructura-Base-New_Perruqueria\CC_Logs_Perruqueria\screenshots\passed\disminuirCantidad_BaÃ±o y Peinado_OK_20250818_114533.png
âœ… Clic en botÃ³n '-' para 'BaÃ±o y Corte' #1
ðŸ“¸ Screenshot guardado en PASSED: C:\Users\TG\eclipse-workspace\Estructura-Base-New_Perruqueria\CC_Logs_Perruqueria\screenshots\passed\disminuirCantidad_BaÃ±o y Corte_OK_20250818_114536.png
âœ… Producto 'Corte de UÃ±as' eliminado del carrito.
ðŸ“¸ Screenshot guardado en PASSED: C:\Users\TG\eclipse-workspace\Estructura-Base-New_Perruqueria\CC_Logs_Perruqueria\screenshots\passed\eliminarProducto_Corte de UÃ±as_OK_20250818_114537.png
Se hizo clic en el botÃ³n 'Ir a la FinalizaciÃ³n de la Reserva'
âœ… NavegaciÃ³n a la pÃ¡gina de finalizaciÃ³n de la reserva exitosa.
ðŸ“¸ Screenshot guardado en PASSED: C:\Users\TG\eclipse-workspace\Estructura-Base-New_Perruqueria\CC_Logs_Perruqueria\screenshots\passed\irAFinalizacionReserva_OK_20250818_114538.png
âœ… Nombre del Cliente ingresado correctamente: Daniela
âœ… Fecha del Servicio ingresada correctamente: 2025-02-10
âœ… Profesional seleccionado correctamente: Profesional 2
âœ… Nombre de la Mascota ingresado correctamente: Rocky
âœ… Edad de la Mascota ingresada correctamente: 4
âœ… Unidad de Edad seleccionada correctamente: AÃ±os
âœ… Raza de la Mascota ingresada correctamente: Poodle
âœ… Formulario completado correctamente y validado.
ðŸ“¸ Screenshot guardado en PASSED: C:\Users\TG\eclipse-workspace\Estructura-Base-New_Perruqueria\CC_Logs_Perruqueria\screenshots\passed\completarFormularioReserva_OK_20250818_114546.png
[OK] âœ… Se hizo clic en el botÃ³n 'Finalizar Reserva'
[OK] ðŸš¨ Se detectÃ³ un alert con el texto: 'Reserva finalizada:
Cliente: Daniela
Fecha: 2025-02-10
Profesional: Profesional 2'
[WARNING] âš ï¸ El texto del alert no es el esperado. Se recibiÃ³: 'Reserva finalizada:
Cliente: Daniela
Fecha: 2025-02-10
Profesional: Profesional 2'
[ERROR] âŒ FallÃ³ al hacer clic o manejar el alert: unexpected alert open: {Alert text : Reserva finalizada:
Cliente: Daniela
Fecha: 2025-02-10
Profesional: Profesional 2}
  (Session info: chrome=139.0.7258.127): Reserva finalizada:
Cliente: Daniela
Fecha: 2025-02-10
Profesional: Profesional 2
Build info: version: '3.8.1', revision: '6e95a6684b', time: '2017-12-01T18:33:54.468Z'
System info: host: 'DESKTOP-97H2JQF', ip: '192.168.10.120', os.name: 'Windows 11', os.arch: 'amd64', os.version: '10.0', java.version: '21.0.7'
Driver info: org.openqa.selenium.chrome.ChromeDriver
Capabilities {acceptInsecureCerts: false, browserName: chrome, browserVersion: 139.0.7258.127, chrome: {chromedriverVersion: 138.0.7204.94 (545025748884..., userDataDir: C:\Users\TG\AppData\Local\T...}, fedcm:accounts: true, goog:chromeOptions: {debuggerAddress: localhost:65352}, javascriptEnabled: true, networkConnectionEnabled: false, pageLoadStrategy: normal, platform: WINDOWS, platformName: WINDOWS, proxy: Proxy(), setWindowRect: true, strictFileInteractability: false, timeouts: {implicit: 0, pageLoad: 300000, script: 30000}, unhandledPromptBehavior: ignore, webauthn:extension:credBlob: true, webauthn:extension:largeBlob: true, webauthn:extension:minPinLength: true, webauthn:extension:prf: true, webauthn:virtualAuthenticators: true}
Session ID: 8c51794296d0ee6fd0a66f93b8f8b03e
[Listener] Alert detectado antes de screenshot: Reserva finalizada:
Cliente: Daniela
Fecha: 2025-02-10
Profesional: Profesional 2
[Listener] Screenshot guardado en: C:\Users\TG\eclipse-workspace\Estructura-Base-New_Perruqueria\CC_Logs_Perruqueria\screenshots\failed\CC_QA_AgregarProductosAlCarrito_20250818_114548.png
]]></system-out>
    <system-err><![CDATA[Starting ChromeDriver 138.0.7204.94 (5450257488848fa5bab09dea663ce77edfb17672-refs/branch-heads/7204_50@{#10}) on port 38051
Only local connections are allowed.
Please see https://chromedriver.chromium.org/security-considerations for suggestions on keeping ChromeDriver safe.
ChromeDriver was started successfully on port 38051.
[1755531897.921][WARNING]: Deprecated chrome option is ignored: useAutomationExtension
[1755531897.921][WARNING]: Deprecated chrome option is ignored: useAutomationExtension
[1755531899.696][WARNING]: This version of ChromeDriver has not been tested with Chrome version 139.
Aug 18, 2025 11:45:00 AM org.openqa.selenium.remote.ProtocolHandshake createSession
INFO: Detected dialect: W3C
]]></system-err>
  </testcase>
</testsuite>