<?xml version="1.0" encoding="UTF-8"?>
<testng-results ignored="0" total="1" passed="1" failed="0" skipped="0">
  <reporter-output>
  </reporter-output>
  <suite started-at="2025-08-18T12:09:10 CLT" name="SuiteMascopet" finished-at="2025-08-18T12:10:06 CLT" duration-ms="56345">
    <groups>
    </groups>
    <test started-at="2025-08-18T12:09:10 CLT" name="TestMascopet" finished-at="2025-08-18T12:10:06 CLT" duration-ms="56345">
      <class name="test.java.carritocompras.CC_Test">
        <test-method is-config="true" signature="beforeTestMethod()[pri:0, instance:test.java.carritocompras.CC_Test@4f209819]" started-at="2025-08-18T12:09:10 CLT" name="beforeTestMethod" finished-at="2025-08-18T12:09:10 CLT" duration-ms="775" status="PASS">
          <reporter-output>
          </reporter-output>
        </test-method> <!-- beforeTestMethod -->
        <test-method is-config="true" signature="beforeMethodMethod(java.lang.String,java.lang.reflect.Method)[pri:0, instance:test.java.carritocompras.CC_Test@4f209819]" started-at="2025-08-18T12:09:11 CLT" name="beforeMethodMethod" finished-at="2025-08-18T12:09:18 CLT" duration-ms="6865" status="PASS">
          <params>
            <param index="0">
              <value>
                <![CDATA[chrome]]>
              </value>
            </param>
            <param index="1">
              <value>
                <![CDATA[public void test.java.carritocompras.CC_Test.CC_QA_AgregarProductosAlCarrito(java.lang.String,java.lang.String,java.lang.String,java.lang.String,java.lang.String,java.lang.String,java.lang.String,java.lang.String,java.lang.String,java.lang.String,java.lang.String)]]>
              </value>
            </param>
          </params>
          <reporter-output>
          </reporter-output>
        </test-method> <!-- beforeMethodMethod -->
        <test-method signature="CC_QA_AgregarProductosAlCarrito(java.lang.String,java.lang.String,java.lang.String,java.lang.String,java.lang.String,java.lang.String,java.lang.String,java.lang.String,java.lang.String,java.lang.String,java.lang.String)[pri:0, instance:test.java.carritocompras.CC_Test@4f209819]" started-at="2025-08-18T12:09:18 CLT" name="CC_QA_AgregarProductosAlCarrito" data-provider="DataProductosMultiples" finished-at="2025-08-18T12:10:04 CLT" duration-ms="46677" status="PASS">
          <params>
            <param index="0">
              <value>
                <![CDATA[Baño y Peinado]]>
              </value>
            </param>
            <param index="1">
              <value>
                <![CDATA[Baño y Corte]]>
              </value>
            </param>
            <param index="2">
              <value>
                <![CDATA[Corte de Uñas]]>
              </value>
            </param>
            <param index="3">
              <value>
                <![CDATA[3]]>
              </value>
            </param>
            <param index="4">
              <value>
                <![CDATA[Daniela]]>
              </value>
            </param>
            <param index="5">
              <value>
                <![CDATA[2025-02-10]]>
              </value>
            </param>
            <param index="6">
              <value>
                <![CDATA[Profesional 2]]>
              </value>
            </param>
            <param index="7">
              <value>
                <![CDATA[Rocky]]>
              </value>
            </param>
            <param index="8">
              <value>
                <![CDATA[4]]>
              </value>
            </param>
            <param index="9">
              <value>
                <![CDATA[Años]]>
              </value>
            </param>
            <param index="10">
              <value>
                <![CDATA[Poodle]]>
              </value>
            </param>
          </params>
          <reporter-output>
          </reporter-output>
        </test-method> <!-- CC_QA_AgregarProductosAlCarrito -->
        <test-method is-config="true" signature="afterMethodMethod(org.testng.ITestResult)[pri:0, instance:test.java.carritocompras.CC_Test@4f209819]" started-at="2025-08-18T12:10:05 CLT" name="afterMethodMethod" finished-at="2025-08-18T12:10:05 CLT" duration-ms="49" status="PASS">
          <params>
            <param index="0">
              <value>
                <![CDATA[[TestResult name=CC_QA_AgregarProductosAlCarrito status=SUCCESS method=CC_Test.CC_QA_AgregarProductosAlCarrito(java.lang.String,java.lang.String,java.lang.String,java.lang.String,java.lang.String,java.lang.String,java.lang.String,java.lang.String,java.lang.String,java.lang.String,java.lang.String)[pri:0, instance:test.java.carritocompras.CC_Test@4f209819] output={null}]]]>
              </value>
            </param>
          </params>
          <reporter-output>
          </reporter-output>
        </test-method> <!-- afterMethodMethod -->
        <test-method is-config="true" signature="afterTestMethod()[pri:0, instance:test.java.carritocompras.CC_Test@4f209819]" started-at="2025-08-18T12:10:05 CLT" name="afterTestMethod" finished-at="2025-08-18T12:10:06 CLT" duration-ms="1287" status="PASS">
          <reporter-output>
          </reporter-output>
        </test-method> <!-- afterTestMethod -->
      </class> <!-- test.java.carritocompras.CC_Test -->
    </test> <!-- TestMascopet -->
  </suite> <!-- SuiteMascopet -->
</testng-results>
