<?xml version="1.0" encoding="UTF-8"?>
<!-- Generated by org.testng.reporters.JUnitXMLReporter -->
<testsuite ignored="0" hostname="LAPTOP-604E8F04" failures="0" tests="3" name="Southbridge Test Automation" time="66.741" errors="0" timestamp="2023-06-13T09:46:16 CLT">
  <testcase classname="test.java.carritocompras.CC_Test" name="CC_QA_Automatizacion" time="19.665"/>
  <testcase classname="test.java.carritocompras.CC_Test" name="CC_QA_Automatizacion" time="21.723"/>
  <testcase classname="test.java.carritocompras.CC_Test" name="CC_QA_Automatizacion" time="19.607"/>
</testsuite> <!-- Southbridge Test Automation -->
