<?xml version="1.0" encoding="UTF-8"?>
<!-- Generated by org.testng.reporters.JUnitXMLReporter -->
<testsuite ignored="0" hostname="TestGroup" failures="0" tests="3" name="Test Automation" time="70.891" errors="0" timestamp="2025-07-11T12:39:24 GMT-04:00">
  <testcase classname="test.java.carritocompras.CC_Test" name="CC_QA_Automatizacion" time="20.623"/>
  <testcase classname="test.java.carritocompras.CC_Test" name="CC_QA_Automatizacion" time="22.874"/>
  <testcase classname="test.java.carritocompras.CC_Test" name="CC_QA_Automatizacion" time="20.519"/>
</testsuite> <!-- Test Automation -->
