<?xml version="1.0" encoding="UTF-8"?>
<!-- Generated by org.testng.reporters.JUnitXMLReporter -->
<testsuite ignored="0" hostname="LAPTOP-604E8F04" failures="0" tests="3" name="Test Automation" time="66.205" errors="0" timestamp="2023-06-13T09:56:11 CLT">
  <testcase classname="test.java.carritocompras.CC_Test" name="CC_QA_Automatizacion" time="19.712"/>
  <testcase classname="test.java.carritocompras.CC_Test" name="CC_QA_Automatizacion" time="21.713"/>
  <testcase classname="test.java.carritocompras.CC_Test" name="CC_QA_Automatizacion" time="19.519"/>
</testsuite> <!-- Test Automation -->
